<?xml version="1.0"?><coverage lines-covered="864" lines-valid="1412" line-rate="0.6118980169971672" branches-covered="0" branches-valid="0" branch-rate="0" complexity="0" version="1.9" timestamp="1779520725"><sources><source>/home/tunar_ssp/Documents/MyCode/projects/tssp</source></sources><packages><package name="crates/tsspd/src" line-rate="0.5833333333333334" branch-rate="0" complexity="0"><classes><class name="config" filename="crates/tsspd/src/config.rs" line-rate="0.8571428571428571" branch-rate="0" complexity="0"><methods/><lines><line number="17" hits="1"/><line number="18" hits="1"/><line number="24" hits="1"/><line number="25" hits="1"/><line number="26" hits="1"/><line number="28" hits="1"/><line number="32" hits="0"/></lines></class><class name="file" filename="crates/tsspd/src/file.rs" line-rate="0.5416666666666666" branch-rate="0" complexity="0"><methods/><lines><line number="12" hits="4"/><line number="13" hits="2"/><line number="14" hits="1"/><line number="15" hits="1"/><line number="16" hits="1"/><line number="18" hits="1"/><line number="19" hits="1"/><line number="21" hits="1"/><line number="25" hits="1"/><line number="29" hits="2"/><line number="30" hits="7"/><line number="31" hits="2"/><line number="33" hits="2"/><line number="36" hits="0"/><line number="38" hits="0"/><line number="39" hits="0"/><line number="41" hits="0"/><line number="46" hits="0"/><line number="48" hits="0"/><line number="49" hits="0"/><line number="56" hits="0"/><line number="58" hits="0"/><line number="59" hits="0"/><line number="61" hits="0"/></lines></class><class name="lib" filename="crates/tsspd/src/lib.rs" line-rate="1" branch-rate="0" complexity="0"><methods/><lines><line number="45" hits="1"/><line number="48" hits="1"/><line number="49" hits="2"/><line number="50" hits="1"/><line number="56" hits="4"/><line number="61" hits="4"/><line number="62" hits="4"/><line number="63" hits="8"/><line number="64" hits="4"/><line number="70" hits="3"/><line number="86" hits="3"/><line number="87" hits="94"/><line number="90" hits="7"/><line number="92" hits="24"/><line number="93" hits="24"/><line number="94" hits="24"/><line number="95" hits="24"/><line number="96" hits="16"/><line number="97" hits="8"/><line number="98" hits="8"/></lines></class><class name="list" filename="crates/tsspd/src/list.rs" line-rate="0.6666666666666666" branch-rate="0" complexity="0"><methods/><lines><line number="25" hits="1"/><line number="26" hits="1"/><line number="27" hits="1"/><line number="29" hits="1"/><line number="30" hits="0"/><line number="32" hits="1"/><line number="45" hits="1"/><line number="49" hits="2"/><line number="50" hits="1"/><line number="52" hits="1"/><line number="53" hits="1"/><line number="59" hits="1"/><line number="62" hits="2"/><line number="64" hits="5"/><line number="66" hits="1"/><line number="69" hits="2"/><line number="71" hits="1"/><line number="73" hits="0"/><line number="75" hits="0"/><line number="76" hits="0"/><line number="83" hits="0"/><line number="84" hits="0"/><line number="87" hits="0"/><line number="88" hits="0"/></lines></class><class name="main" filename="crates/tsspd/src/main.rs" line-rate="0" branch-rate="0" complexity="0"><methods/><lines><line number="48" hits="0"/><line number="49" hits="0"/><line number="50" hits="0"/><line number="51" hits="0"/><line number="52" hits="0"/><line number="53" hits="0"/><line number="58" hits="0"/><line number="60" hits="0"/><line number="61" hits="0"/><line number="64" hits="0"/><line number="65" hits="0"/><line number="70" hits="0"/><line number="73" hits="0"/><line number="74" hits="0"/><line number="75" hits="0"/><line number="76" hits="0"/><line number="77" hits="0"/><line number="78" hits="0"/><line number="80" hits="0"/><line number="81" hits="0"/><line number="84" hits="0"/><line number="85" hits="0"/><line number="87" hits="0"/><line number="88" hits="0"/><line number="90" hits="0"/><line number="92" hits="0"/><line number="93" hits="0"/><line number="94" hits="0"/><line number="95" hits="0"/><line number="96" hits="0"/><line number="97" hits="0"/><line number="98" hits="0"/><line number="99" hits="0"/><line number="100" hits="0"/><line number="103" hits="0"/><line number="104" hits="0"/><line number="105" hits="0"/><line number="106" hits="0"/></lines></class><class name="status" filename="crates/tsspd/src/status.rs" line-rate="0.7027027027027027" branch-rate="0" complexity="0"><methods/><lines><line number="42" hits="0"/><line number="43" hits="0"/><line number="51" hits="0"/><line number="52" hits="0"/><line number="55" hits="0"/><line number="56" hits="0"/><line number="70" hits="1"/><line number="80" hits="1"/><line number="81" hits="1"/><line number="82" hits="1"/><line number="83" hits="1"/><line number="84" hits="0"/><line number="85" hits="1"/><line number="86" hits="1"/><line number="89" hits="1"/><line number="90" hits="0"/><line number="91" hits="1"/><line number="92" hits="1"/><line number="95" hits="1"/><line number="96" hits="0"/><line number="97" hits="1"/><line number="98" hits="1"/><line number="123" hits="3"/><line number="124" hits="1"/><line number="127" hits="0"/><line number="128" hits="0"/><line number="131" hits="8"/><line number="132" hits="4"/><line number="133" hits="3"/><line number="137" hits="1"/><line number="138" hits="1"/><line number="139" hits="1"/><line number="140" hits="1"/><line number="141" hits="1"/><line number="144" hits="3"/><line number="146" hits="1"/><line number="147" hits="1"/></lines></class><class name="upload" filename="crates/tsspd/src/upload.rs" line-rate="0.6571428571428571" branch-rate="0" complexity="0"><methods/><lines><line number="35" hits="0"/><line number="36" hits="0"/><line number="37" hits="0"/><line number="100" hits="1"/><line number="101" hits="2"/><line number="102" hits="1"/><line number="103" hits="1"/><line number="105" hits="0"/><line number="106" hits="0"/><line number="108" hits="0"/><line number="111" hits="0"/><line number="113" hits="0"/><line number="114" hits="0"/><line number="117" hits="0"/><line number="119" hits="0"/><line number="122" hits="0"/><line number="128" hits="1"/><line number="129" hits="1"/><line number="144" hits="1"/><line number="156" hits="1"/><line number="157" hits="2"/><line number="159" hits="1"/><line number="160" hits="1"/><line number="161" hits="1"/><line number="162" hits="1"/><line number="163" hits="1"/><line number="165" hits="0"/><line number="166" hits="1"/><line number="167" hits="3"/><line number="168" hits="1"/><line number="169" hits="1"/><line number="171" hits="1"/><line number="175" hits="13"/><line number="176" hits="6"/><line number="177" hits="1"/><line number="178" hits="1"/><line number="181" hits="3"/><line number="182" hits="1"/><line number="183" hits="0"/><line number="184" hits="0"/><line number="185" hits="0"/><line number="187" hits="0"/><line number="191" hits="3"/><line number="193" hits="2"/><line number="194" hits="1"/><line number="195" hits="2"/><line number="196" hits="1"/><line number="197" hits="2"/><line number="200" hits="8"/><line number="201" hits="1"/><line number="202" hits="0"/><line number="204" hits="0"/><line number="218" hits="3"/><line number="222" hits="6"/><line number="223" hits="0"/><line number="225" hits="5"/><line number="227" hits="0"/><line number="229" hits="3"/><line number="230" hits="3"/><line number="231" hits="3"/><line number="232" hits="3"/><line number="234" hits="12"/><line number="235" hits="6"/><line number="236" hits="0"/><line number="237" hits="0"/><line number="241" hits="6"/><line number="242" hits="3"/><line number="243" hits="2"/><line number="244" hits="2"/><line number="246" hits="1"/><line number="247" hits="2"/><line number="248" hits="2"/><line number="249" hits="3"/><line number="251" hits="9"/><line number="252" hits="5"/><line number="253" hits="0"/><line number="254" hits="0"/><line number="256" hits="0"/><line number="260" hits="1"/><line number="263" hits="3"/><line number="266" hits="9"/><line number="268" hits="9"/><line number="269" hits="3"/><line number="270" hits="0"/><line number="274" hits="1"/><line number="275" hits="1"/><line number="276" hits="0"/><line number="277" hits="0"/><line number="280" hits="1"/><line number="283" hits="0"/><line number="285" hits="0"/><line number="289" hits="1"/><line number="296" hits="1"/><line number="297" hits="1"/><line number="298" hits="1"/><line number="302" hits="1"/><line number="304" hits="3"/><line number="305" hits="0"/><line number="307" hits="1"/><line number="310" hits="1"/><line number="311" hits="0"/><line number="314" hits="1"/><line number="315" hits="2"/><line number="316" hits="1"/><line number="317" hits="1"/><line number="319" hits="1"/><line number="323" hits="1"/><line number="327" hits="4"/><line number="328" hits="8"/><line number="329" hits="1"/><line number="330" hits="4"/><line number="331" hits="1"/><line number="332" hits="0"/><line number="335" hits="5"/><line number="336" hits="4"/><line number="337" hits="1"/><line number="338" hits="0"/><line number="341" hits="1"/><line number="344" hits="7"/><line number="345" hits="10"/><line number="347" hits="7"/><line number="348" hits="3"/><line number="349" hits="0"/><line number="353" hits="2"/><line number="354" hits="2"/><line number="355" hits="3"/><line number="356" hits="0"/><line number="359" hits="2"/><line number="360" hits="1"/><line number="362" hits="0"/><line number="363" hits="0"/><line number="366" hits="0"/><line number="367" hits="0"/><line number="371" hits="1"/><line number="372" hits="2"/><line number="373" hits="1"/><line number="375" hits="1"/><line number="377" hits="1"/><line number="378" hits="1"/><line number="379" hits="2"/><line number="380" hits="1"/><line number="381" hits="3"/><line number="382" hits="1"/><line number="384" hits="1"/><line number="387" hits="4"/><line number="388" hits="2"/><line number="390" hits="1"/><line number="417" hits="1"/><line number="420" hits="1"/><line number="421" hits="2"/><line number="422" hits="1"/><line number="423" hits="1"/><line number="424" hits="2"/><line number="425" hits="1"/><line number="426" hits="1"/><line number="431" hits="1"/><line number="436" hits="0"/><line number="437" hits="0"/><line number="439" hits="0"/><line number="442" hits="0"/><line number="444" hits="0"/><line number="448" hits="0"/><line number="453" hits="0"/><line number="455" hits="0"/><line number="456" hits="0"/><line number="463" hits="0"/><line number="467" hits="0"/><line number="468" hits="0"/><line number="469" hits="0"/><line number="475" hits="0"/><line number="477" hits="0"/><line number="480" hits="0"/><line number="484" hits="0"/><line number="490" hits="0"/><line number="491" hits="0"/></lines></class><class name="web" filename="crates/tsspd/src/web.rs" line-rate="0" branch-rate="0" complexity="0"><methods/><lines><line number="8" hits="0"/><line number="9" hits="0"/><line number="10" hits="0"/><line number="11" hits="0"/><line number="12" hits="0"/><line number="13" hits="0"/><line number="15" hits="0"/><line number="16" hits="0"/><line number="17" hits="0"/><line number="18" hits="0"/><line number="22" hits="0"/></lines></class></classes></package><package name="crates/tssp-ports/src" line-rate="0.8571428571428571" branch-rate="0" complexity="0"><classes><class name="lib" filename="crates/tssp-ports/src/lib.rs" line-rate="0.8571428571428571" branch-rate="0" complexity="0"><methods/><lines><line number="108" hits="1"/><line number="109" hits="1"/><line number="112" hits="0"/><line number="113" hits="0"/><line number="121" hits="1"/><line number="122" hits="2"/><line number="125" hits="1"/><line number="126" hits="1"/><line number="129" hits="1"/><line number="133" hits="1"/><line number="136" hits="1"/><line number="137" hits="1"/><line number="140" hits="1"/><line number="141" hits="1"/></lines></class></classes></package><package name="crates/tssp-domain/src" line-rate="0.7925311203319502" branch-rate="0" complexity="0"><classes><class name="file" filename="crates/tssp-domain/src/file.rs" line-rate="0.8191489361702128" branch-rate="0" complexity="0"><methods/><lines><line number="23" hits="15"/><line number="24" hits="29"/><line number="25" hits="13"/><line number="26" hits="14"/><line number="31" hits="4"/><line number="32" hits="4"/><line number="37" hits="1"/><line number="38" hits="1"/><line number="59" hits="9"/><line number="60" hits="27"/><line number="61" hits="30"/><line number="62" hits="1"/><line number="64" hits="29"/><line number="65" hits="1"/><line number="66" hits="0"/><line number="67" hits="0"/><line number="68" hits="1"/><line number="72" hits="26"/><line number="73" hits="10"/><line number="74" hits="13"/><line number="75" hits="0"/><line number="81" hits="5"/><line number="82" hits="5"/><line number="87" hits="7"/><line number="88" hits="7"/><line number="93" hits="0"/><line number="94" hits="0"/><line number="105" hits="12"/><line number="111" hits="6"/><line number="127" hits="10"/><line number="128" hits="21"/><line number="129" hits="22"/><line number="130" hits="0"/><line number="132" hits="23"/><line number="133" hits="0"/><line number="134" hits="0"/><line number="135" hits="0"/><line number="136" hits="0"/><line number="139" hits="24"/><line number="140" hits="12"/><line number="145" hits="1"/><line number="146" hits="1"/><line number="151" hits="3"/><line number="152" hits="7"/><line number="157" hits="0"/><line number="158" hits="0"/><line number="173" hits="21"/><line number="174" hits="38"/><line number="175" hits="17"/><line number="176" hits="17"/><line number="181" hits="7"/><line number="182" hits="5"/><line number="187" hits="0"/><line number="188" hits="0"/><line number="218" hits="2"/><line number="219" hits="2"/><line number="223" hits="15"/><line number="224" hits="11"/><line number="225" hits="1"/><line number="227" hits="15"/><line number="228" hits="0"/><line number="231" hits="0"/><line number="234" hits="15"/><line number="236" hits="35"/><line number="238" hits="2"/><line number="240" hits="8"/><line number="243" hits="16"/><line number="244" hits="8"/><line number="247" hits="8"/><line number="248" hits="11"/><line number="249" hits="8"/><line number="251" hits="22"/><line number="252" hits="31"/><line number="253" hits="12"/><line number="254" hits="7"/><line number="255" hits="4"/><line number="256" hits="2"/><line number="257" hits="2"/><line number="261" hits="8"/><line number="262" hits="2"/><line number="265" hits="17"/><line number="266" hits="28"/><line number="267" hits="2"/><line number="269" hits="6"/><line number="272" hits="19"/><line number="275" hits="7"/><line number="276" hits="12"/><line number="279" hits="6"/><line number="280" hits="9"/><line number="281" hits="1"/><line number="284" hits="15"/><line number="285" hits="6"/><line number="287" hits="0"/><line number="293" hits="9"/></lines></class><class name="hash" filename="crates/tssp-domain/src/hash.rs" line-rate="0.6666666666666666" branch-rate="0" complexity="0"><methods/><lines><line number="23" hits="10"/><line number="24" hits="30"/><line number="25" hits="18"/><line number="26" hits="1"/><line number="27" hits="0"/><line number="31" hits="22"/><line number="33" hits="45"/><line number="35" hits="1"/><line number="36" hits="0"/><line number="37" hits="0"/><line number="41" hits="26"/><line number="46" hits="8"/><line number="47" hits="4"/><line number="52" hits="0"/><line number="53" hits="0"/></lines></class><class name="pagination" filename="crates/tssp-domain/src/pagination.rs" line-rate="0.5769230769230769" branch-rate="0" complexity="0"><methods/><lines><line number="20" hits="1"/><line number="21" hits="1"/><line number="22" hits="2"/><line number="25" hits="2"/><line number="26" hits="2"/><line number="30" hits="0"/><line number="41" hits="1"/><line number="57" hits="1"/><line number="58" hits="2"/><line number="59" hits="1"/><line number="60" hits="0"/><line number="62" hits="2"/><line number="63" hits="0"/><line number="64" hits="0"/><line number="65" hits="0"/><line number="66" hits="0"/><line number="69" hits="2"/><line number="71" hits="3"/><line number="73" hits="1"/><line number="74" hits="0"/><line number="75" hits="0"/><line number="79" hits="0"/><line number="84" hits="0"/><line number="85" hits="0"/><line number="89" hits="1"/><line number="90" hits="1"/></lines></class><class name="session" filename="crates/tssp-domain/src/session.rs" line-rate="0.813953488372093" branch-rate="0" complexity="0"><methods/><lines><line number="31" hits="2"/><line number="32" hits="5"/><line number="33" hits="4"/><line number="34" hits="1"/><line number="35" hits="0"/><line number="39" hits="10"/><line number="41" hits="15"/><line number="43" hits="1"/><line number="44" hits="0"/><line number="45" hits="0"/><line number="49" hits="10"/><line number="54" hits="1"/><line number="55" hits="1"/><line number="66" hits="0"/><line number="67" hits="0"/><line number="98" hits="2"/><line number="105" hits="4"/><line number="106" hits="0"/><line number="108" hits="0"/><line number="110" hits="0"/><line number="114" hits="6"/><line number="115" hits="1"/><line number="120" hits="2"/><line number="121" hits="1"/><line number="125" hits="2"/><line number="126" hits="2"/><line number="127" hits="2"/><line number="134" hits="1"/><line number="135" hits="1"/><line number="140" hits="2"/><line number="141" hits="2"/><line number="150" hits="2"/><line number="151" hits="2"/><line number="152" hits="1"/><line number="156" hits="2"/><line number="157" hits="1"/><line number="159" hits="1"/><line number="160" hits="1"/><line number="161" hits="1"/><line number="165" hits="1"/><line number="166" hits="1"/><line number="170" hits="6"/><line number="171" hits="6"/></lines></class><class name="tag" filename="crates/tssp-domain/src/tag.rs" line-rate="0.7096774193548387" branch-rate="0" complexity="0"><methods/><lines><line number="27" hits="9"/><line number="28" hits="19"/><line number="29" hits="19"/><line number="30" hits="1"/><line number="33" hits="18"/><line number="34" hits="8"/><line number="35" hits="1"/><line number="36" hits="0"/><line number="37" hits="0"/><line number="38" hits="0"/><line number="42" hits="28"/><line number="44" hits="31"/><line number="46" hits="1"/><line number="47" hits="0"/><line number="48" hits="0"/><line number="52" hits="19"/><line number="53" hits="11"/><line number="58" hits="3"/><line number="59" hits="4"/><line number="64" hits="4"/><line number="65" hits="5"/><line number="70" hits="0"/><line number="71" hits="0"/><line number="85" hits="1"/><line number="86" hits="3"/><line number="91" hits="3"/><line number="92" hits="4"/><line number="97" hits="0"/><line number="98" hits="0"/><line number="102" hits="7"/><line number="103" hits="8"/></lines></class><class name="text" filename="crates/tssp-domain/src/text.rs" line-rate="1" branch-rate="0" complexity="0"><methods/><lines><line number="6" hits="12"/><line number="7" hits="8"/><line number="11" hits="6"/><line number="12" hits="7"/><line number="13" hits="9"/><line number="15" hits="34"/><line number="16" hits="21"/><line number="17" hits="8"/><line number="21" hits="14"/><line number="22" hits="4"/><line number="23" hits="4"/><line number="25" hits="21"/><line number="28" hits="7"/><line number="32" hits="11"/><line number="33" hits="6"/><line number="34" hits="12"/><line number="37" hits="1"/><line number="38" hits="2"/><line number="39" hits="2"/><line number="40" hits="1"/><line number="43" hits="1"/><line number="45" hits="1"/></lines></class><class name="time" filename="crates/tssp-domain/src/time.rs" line-rate="1" branch-rate="0" complexity="0"><methods/><lines><line number="25" hits="7"/><line number="26" hits="11"/><line number="27" hits="1"/><line number="31" hits="1"/><line number="35" hits="7"/><line number="40" hits="5"/><line number="52" hits="2"/><line number="53" hits="2"/><line number="57" hits="2"/><line number="58" hits="2"/></lines></class></classes></package><package name="crates/tssp-adapter-system/src" line-rate="0.7777777777777778" branch-rate="0" complexity="0"><classes><class name="lib" filename="crates/tssp-adapter-system/src/lib.rs" line-rate="0.7777777777777778" branch-rate="0" complexity="0"><methods/><lines><line number="15" hits="2"/><line number="16" hits="2"/><line number="17" hits="2"/><line number="18" hits="6"/><line number="19" hits="2"/><line number="20" hits="2"/><line number="21" hits="2"/><line number="22" hits="0"/><line number="32" hits="2"/><line number="33" hits="2"/><line number="34" hits="0"/><line number="44" hits="1"/><line number="45" hits="1"/><line number="46" hits="1"/><line number="47" hits="0"/><line number="49" hits="1"/><line number="50" hits="1"/><line number="51" hits="0"/></lines></class></classes></package><package name="crates/tssp/src" line-rate="0.317351598173516" branch-rate="0" complexity="0"><classes><class name="backend" filename="crates/tssp/src/backend.rs" line-rate="0.6666666666666666" branch-rate="0" complexity="0"><methods/><lines><line number="22" hits="4"/><line number="23" hits="1"/><line number="24" hits="4"/><line number="25" hits="0"/><line number="27" hits="1"/><line number="28" hits="1"/><line number="31" hits="3"/><line number="32" hits="2"/><line number="33" hits="1"/><line number="38" hits="1"/><line number="39" hits="1"/><line number="43" hits="1"/><line number="44" hits="1"/><line number="49" hits="0"/><line number="50" hits="0"/><line number="51" hits="0"/><line number="52" hits="0"/><line number="54" hits="0"/></lines></class><class name="info" filename="crates/tssp/src/info.rs" line-rate="0.3380281690140845" branch-rate="0" complexity="0"><methods/><lines><line number="13" hits="0"/><line number="14" hits="0"/><line number="15" hits="0"/><line number="16" hits="0"/><line number="17" hits="0"/><line number="18" hits="0"/><line number="21" hits="0"/><line number="22" hits="0"/><line number="23" hits="0"/><line number="24" hits="0"/><line number="26" hits="0"/><line number="27" hits="0"/><line number="29" hits="0"/><line number="33" hits="0"/><line number="34" hits="0"/><line number="35" hits="0"/><line number="38" hits="0"/><line number="39" hits="0"/><line number="40" hits="0"/><line number="43" hits="0"/><line number="44" hits="0"/><line number="46" hits="0"/><line number="49" hits="0"/><line number="50" hits="0"/><line number="51" hits="0"/><line number="54" hits="5"/><line number="55" hits="5"/><line number="56" hits="1"/><line number="58" hits="4"/><line number="59" hits="1"/><line number="61" hits="3"/><line number="62" hits="1"/><line number="64" hits="2"/><line number="65" hits="1"/><line number="67" hits="1"/><line number="70" hits="0"/><line number="71" hits="0"/><line number="72" hits="0"/><line number="73" hits="0"/><line number="74" hits="0"/><line number="78" hits="2"/><line number="79" hits="2"/><line number="80" hits="4"/><line number="83" hits="1"/><line number="84" hits="1"/><line number="87" hits="1"/><line number="88" hits="1"/><line number="89" hits="2"/><line number="90" hits="2"/><line number="91" hits="5"/><line number="92" hits="3"/><line number="94" hits="1"/><line number="95" hits="1"/><line number="99" hits="1"/><line number="102" hits="0"/><line number="103" hits="0"/><line number="104" hits="0"/><line number="106" hits="0"/><line number="107" hits="0"/><line number="108" hits="0"/><line number="109" hits="0"/><line number="110" hits="0"/><line number="113" hits="0"/><line number="114" hits="0"/><line number="115" hits="0"/><line number="116" hits="0"/><line number="117" hits="0"/><line number="118" hits="0"/><line number="119" hits="0"/><line number="120" hits="0"/><line number="121" hits="0"/></lines></class><class name="lib" filename="crates/tssp/src/lib.rs" line-rate="0.7692307692307693" branch-rate="0" complexity="0"><methods/><lines><line number="355" hits="1"/><line number="356" hits="1"/><line number="357" hits="1"/><line number="358" hits="0"/><line number="359" hits="0"/><line number="360" hits="0"/><line number="367" hits="1"/><line number="368" hits="1"/><line number="369" hits="1"/><line number="370" hits="2"/><line number="371" hits="1"/><line number="380" hits="2"/><line number="385" hits="2"/></lines></class><class name="list" filename="crates/tssp/src/list.rs" line-rate="0.18666666666666668" branch-rate="0" complexity="0"><methods/><lines><line number="15" hits="0"/><line number="16" hits="0"/><line number="17" hits="0"/><line number="18" hits="0"/><line number="20" hits="0"/><line number="21" hits="0"/><line number="25" hits="0"/><line number="26" hits="0"/><line number="29" hits="0"/><line number="30" hits="0"/><line number="31" hits="0"/><line number="32" hits="0"/><line number="35" hits="0"/><line number="36" hits="0"/><line number="37" hits="0"/><line number="38" hits="0"/><line number="39" hits="0"/><line number="42" hits="0"/><line number="43" hits="0"/><line number="44" hits="0"/><line number="45" hits="0"/><line number="47" hits="0"/><line number="48" hits="0"/><line number="50" hits="0"/><line number="54" hits="0"/><line number="55" hits="0"/><line number="56" hits="0"/><line number="59" hits="0"/><line number="60" hits="0"/><line number="61" hits="0"/><line number="64" hits="0"/><line number="65" hits="0"/><line number="67" hits="0"/><line number="70" hits="0"/><line number="71" hits="0"/><line number="72" hits="0"/><line number="75" hits="1"/><line number="76" hits="1"/><line number="77" hits="1"/><line number="79" hits="1"/><line number="80" hits="1"/><line number="82" hits="1"/><line number="85" hits="1"/><line number="86" hits="1"/><line number="87" hits="3"/><line number="90" hits="1"/><line number="91" hits="1"/><line number="92" hits="1"/><line number="94" hits="0"/><line number="95" hits="0"/><line number="97" hits="0"/><line number="98" hits="0"/><line number="100" hits="0"/><line number="101" hits="0"/><line number="103" hits="0"/><line number="104" hits="0"/><line number="106" hits="0"/><line number="107" hits="0"/><line number="109" hits="0"/><line number="112" hits="1"/><line number="113" hits="1"/><line number="116" hits="0"/><line number="117" hits="0"/><line number="118" hits="0"/><line number="120" hits="0"/><line number="121" hits="0"/><line number="122" hits="0"/><line number="123" hits="0"/><line number="124" hits="0"/><line number="127" hits="0"/><line number="128" hits="0"/><line number="129" hits="0"/><line number="131" hits="0"/><line number="132" hits="0"/><line number="140" hits="0"/></lines></class><class name="main" filename="crates/tssp/src/main.rs" line-rate="0" branch-rate="0" complexity="0"><methods/><lines><line number="16" hits="0"/><line number="17" hits="0"/><line number="18" hits="0"/><line number="19" hits="0"/><line number="20" hits="0"/><line number="21" hits="0"/><line number="22" hits="0"/><line number="27" hits="0"/><line number="28" hits="0"/><line number="29" hits="0"/><line number="30" hits="0"/><line number="31" hits="0"/><line number="32" hits="0"/><line number="33" hits="0"/><line number="36" hits="0"/><line number="37" hits="0"/><line number="39" hits="0"/><line number="40" hits="0"/><line number="42" hits="0"/><line number="43" hits="0"/><line number="45" hits="0"/><line number="46" hits="0"/><line number="49" hits="0"/><line number="50" hits="0"/><line number="53" hits="0"/><line number="54" hits="0"/></lines></class><class name="status" filename="crates/tssp/src/status.rs" line-rate="0.1875" branch-rate="0" complexity="0"><methods/><lines><line number="10" hits="0"/><line number="11" hits="0"/><line number="12" hits="0"/><line number="13" hits="0"/><line number="14" hits="0"/><line number="15" hits="0"/><line number="18" hits="0"/><line number="19" hits="0"/><line number="20" hits="0"/><line number="21" hits="0"/><line number="23" hits="0"/><line number="24" hits="0"/><line number="26" hits="0"/><line number="30" hits="0"/><line number="31" hits="0"/><line number="32" hits="0"/><line number="35" hits="0"/><line number="36" hits="0"/><line number="37" hits="0"/><line number="40" hits="0"/><line number="41" hits="0"/><line number="43" hits="0"/><line number="46" hits="0"/><line number="47" hits="0"/><line number="48" hits="0"/><line number="51" hits="2"/><line number="52" hits="1"/><line number="53" hits="1"/><line number="55" hits="2"/><line number="56" hits="1"/><line number="58" hits="1"/><line number="61" hits="2"/><line number="62" hits="3"/><line number="63" hits="2"/><line number="79" hits="0"/><line number="80" hits="0"/><line number="81" hits="0"/><line number="82" hits="0"/><line number="83" hits="0"/><line number="84" hits="0"/><line number="87" hits="0"/><line number="88" hits="0"/><line number="89" hits="0"/><line number="90" hits="0"/><line number="91" hits="0"/><line number="92" hits="0"/><line number="93" hits="0"/><line number="94" hits="0"/></lines></class><class name="upload" filename="crates/tssp/src/upload.rs" line-rate="0.37433155080213903" branch-rate="0" complexity="0"><methods/><lines><line number="21" hits="0"/><line number="22" hits="0"/><line number="23" hits="0"/><line number="24" hits="0"/><line number="25" hits="0"/><line number="26" hits="0"/><line number="29" hits="0"/><line number="30" hits="0"/><line number="31" hits="0"/><line number="32" hits="0"/><line number="33" hits="0"/><line number="36" hits="0"/><line number="37" hits="0"/><line number="38" hits="0"/><line number="40" hits="0"/><line number="41" hits="0"/><line number="42" hits="0"/><line number="43" hits="0"/><line number="47" hits="0"/><line number="48" hits="0"/><line number="50" hits="0"/><line number="51" hits="0"/><line number="53" hits="0"/><line number="61" hits="2"/><line number="62" hits="2"/><line number="63" hits="0"/><line number="67" hits="2"/><line number="68" hits="0"/><line number="70" hits="2"/><line number="71" hits="0"/><line number="73" hits="3"/><line number="74" hits="1"/><line number="79" hits="3"/><line number="82" hits="3"/><line number="84" hits="0"/><line number="97" hits="1"/><line number="98" hits="1"/><line number="99" hits="0"/><line number="100" hits="0"/><line number="104" hits="1"/><line number="105" hits="1"/><line number="106" hits="0"/><line number="108" hits="0"/><line number="111" hits="1"/><line number="112" hits="1"/><line number="114" hits="1"/><line number="117" hits="1"/><line number="118" hits="0"/><line number="120" hits="0"/><line number="124" hits="1"/><line number="125" hits="1"/><line number="126" hits="2"/><line number="127" hits="1"/><line number="128" hits="1"/><line number="129" hits="1"/><line number="141" hits="2"/><line number="144" hits="2"/><line number="148" hits="0"/><line number="149" hits="0"/><line number="150" hits="0"/><line number="151" hits="0"/><line number="152" hits="0"/><line number="158" hits="0"/><line number="164" hits="0"/><line number="165" hits="0"/><line number="166" hits="0"/><line number="167" hits="0"/><line number="169" hits="0"/><line number="170" hits="0"/><line number="171" hits="0"/><line number="172" hits="0"/><line number="174" hits="0"/><line number="175" hits="0"/><line number="177" hits="0"/><line number="179" hits="0"/><line number="180" hits="0"/><line number="182" hits="0"/><line number="183" hits="0"/><line number="188" hits="0"/><line number="191" hits="0"/><line number="197" hits="0"/><line number="198" hits="0"/><line number="199" hits="0"/><line number="203" hits="0"/><line number="205" hits="0"/><line number="206" hits="0"/><line number="210" hits="0"/><line number="213" hits="0"/><line number="216" hits="0"/><line number="217" hits="0"/><line number="218" hits="0"/><line number="220" hits="0"/><line number="221" hits="0"/><line number="222" hits="0"/><line number="223" hits="0"/><line number="224" hits="0"/><line number="228" hits="0"/><line number="231" hits="0"/><line number="239" hits="0"/><line number="240" hits="0"/><line number="243" hits="0"/><line number="244" hits="0"/><line number="245" hits="0"/><line number="246" hits="0"/><line number="247" hits="0"/><line number="248" hits="0"/><line number="251" hits="0"/><line number="252" hits="0"/><line number="255" hits="0"/><line number="256" hits="0"/><line number="257" hits="0"/><line number="267" hits="0"/><line number="296" hits="0"/><line number="304" hits="0"/><line number="305" hits="0"/><line number="306" hits="0"/><line number="307" hits="0"/><line number="315" hits="1"/><line number="316" hits="1"/><line number="317" hits="0"/><line number="319" hits="1"/><line number="321" hits="1"/><line number="322" hits="1"/><line number="325" hits="0"/><line number="326" hits="0"/><line number="329" hits="0"/><line number="330" hits="0"/><line number="334" hits="0"/><line number="335" hits="0"/><line number="336" hits="0"/><line number="337" hits="0"/><line number="340" hits="0"/><line number="341" hits="0"/><line number="342" hits="0"/><line number="344" hits="0"/><line number="347" hits="0"/><line number="348" hits="0"/><line number="349" hits="0"/><line number="350" hits="0"/><line number="351" hits="0"/><line number="352" hits="0"/><line number="356" hits="1"/><line number="357" hits="1"/><line number="358" hits="1"/><line number="359" hits="1"/><line number="362" hits="0"/><line number="363" hits="0"/><line number="364" hits="0"/><line number="366" hits="0"/><line number="374" hits="1"/><line number="375" hits="1"/><line number="376" hits="2"/><line number="377" hits="2"/><line number="379" hits="1"/><line number="380" hits="1"/><line number="382" hits="1"/><line number="384" hits="1"/><line number="386" hits="1"/><line number="387" hits="1"/><line number="393" hits="1"/><line number="394" hits="1"/><line number="395" hits="1"/><line number="396" hits="1"/><line number="397" hits="1"/><line number="399" hits="1"/><line number="401" hits="1"/><line number="411" hits="1"/><line number="412" hits="1"/><line number="417" hits="1"/><line number="418" hits="1"/><line number="419" hits="1"/><line number="420" hits="1"/><line number="425" hits="1"/><line number="426" hits="1"/><line number="428" hits="1"/><line number="434" hits="1"/><line number="435" hits="1"/><line number="437" hits="1"/><line number="442" hits="1"/><line number="443" hits="1"/><line number="446" hits="1"/><line number="449" hits="3"/><line number="450" hits="1"/><line number="451" hits="0"/><line number="452" hits="1"/><line number="453" hits="1"/><line number="454" hits="1"/></lines></class></classes></package><package name="crates/tssp-cli-core/src" line-rate="0.9166666666666666" branch-rate="0" complexity="0"><classes><class name="exit_code" filename="crates/tssp-cli-core/src/exit_code.rs" line-rate="1" branch-rate="0" complexity="0"><methods/><lines><line number="34" hits="1"/></lines></class><class name="output" filename="crates/tssp-cli-core/src/output.rs" line-rate="0.9090909090909091" branch-rate="0" complexity="0"><methods/><lines><line number="79" hits="3"/><line number="80" hits="5"/><line number="81" hits="1"/><line number="82" hits="1"/><line number="83" hits="1"/><line number="86" hits="1"/><line number="87" hits="0"/><line number="88" hits="1"/><line number="90" hits="3"/><line number="91" hits="1"/><line number="98" hits="1"/></lines></class></classes></package><package name="crates/tssp-app/src" line-rate="0.8181818181818182" branch-rate="0" complexity="0"><classes><class name="upload" filename="crates/tssp-app/src/upload.rs" line-rate="0.8181818181818182" branch-rate="0" complexity="0"><methods/><lines><line number="23" hits="3"/><line number="46" hits="3"/><line number="47" hits="3"/><line number="48" hits="5"/><line number="49" hits="0"/><line number="50" hits="3"/><line number="52" hits="2"/><line number="53" hits="4"/><line number="54" hits="4"/><line number="55" hits="2"/><line number="56" hits="5"/><line number="57" hits="0"/><line number="58" hits="2"/><line number="60" hits="2"/><line number="61" hits="2"/><line number="62" hits="0"/><line number="63" hits="0"/><line number="66" hits="0"/><line number="67" hits="0"/><line number="72" hits="4"/><line number="74" hits="2"/><line number="75" hits="2"/><line number="77" hits="2"/><line number="78" hits="2"/><line number="80" hits="2"/><line number="83" hits="4"/><line number="84" hits="4"/><line number="85" hits="0"/><line number="86" hits="2"/><line number="88" hits="1"/><line number="89" hits="1"/><line number="90" hits="0"/><line number="92" hits="2"/><line number="94" hits="1"/><line number="153" hits="1"/><line number="161" hits="2"/><line number="162" hits="2"/><line number="163" hits="6"/><line number="164" hits="4"/><line number="165" hits="6"/><line number="166" hits="2"/><line number="167" hits="4"/><line number="169" hits="5"/><line number="172" hits="2"/></lines></class></classes></package><package name="crates/tssp-adapter-fs/src" line-rate="0.7578125" branch-rate="0" complexity="0"><classes><class name="lib" filename="crates/tssp-adapter-fs/src/lib.rs" line-rate="0.7578125" branch-rate="0" complexity="0"><methods/><lines><line number="32" hits="4"/><line number="33" hits="2"/><line number="34" hits="6"/><line number="35" hits="4"/><line number="40" hits="0"/><line number="41" hits="0"/><line number="44" hits="2"/><line number="45" hits="4"/><line number="46" hits="2"/><line number="47" hits="4"/><line number="50" hits="2"/><line number="51" hits="4"/><line number="52" hits="6"/><line number="53" hits="6"/><line number="54" hits="6"/><line number="55" hits="4"/><line number="56" hits="0"/><line number="57" hits="0"/><line number="58" hits="0"/><line number="59" hits="0"/><line number="65" hits="0"/><line number="66" hits="0"/><line number="70" hits="2"/><line number="71" hits="2"/><line number="72" hits="20"/><line number="74" hits="2"/><line number="75" hits="2"/><line number="76" hits="2"/><line number="77" hits="2"/><line number="80" hits="5"/><line number="81" hits="5"/><line number="82" hits="10"/><line number="86" hits="5"/><line number="88" hits="4"/><line number="89" hits="0"/><line number="93" hits="1"/><line number="94" hits="1"/><line number="95" hits="2"/><line number="96" hits="3"/><line number="97" hits="0"/><line number="98" hits="0"/><line number="101" hits="1"/><line number="103" hits="1"/><line number="108" hits="2"/><line number="109" hits="4"/><line number="110" hits="2"/><line number="111" hits="4"/><line number="112" hits="4"/><line number="113" hits="0"/><line number="114" hits="0"/><line number="115" hits="0"/><line number="119" hits="6"/><line number="120" hits="0"/><line number="121" hits="0"/><line number="122" hits="0"/><line number="125" hits="2"/><line number="127" hits="2"/><line number="128" hits="4"/><line number="130" hits="4"/><line number="131" hits="0"/><line number="133" hits="4"/><line number="135" hits="4"/><line number="136" hits="4"/><line number="137" hits="2"/><line number="139" hits="6"/><line number="140" hits="4"/><line number="141" hits="5"/><line number="144" hits="2"/><line number="145" hits="5"/><line number="146" hits="7"/><line number="148" hits="4"/><line number="152" hits="1"/><line number="153" hits="2"/><line number="154" hits="2"/><line number="155" hits="1"/><line number="156" hits="0"/><line number="157" hits="0"/><line number="158" hits="0"/><line number="159" hits="0"/><line number="165" hits="4"/><line number="169" hits="2"/><line number="170" hits="4"/><line number="171" hits="6"/><line number="173" hits="2"/><line number="174" hits="6"/><line number="175" hits="4"/><line number="176" hits="4"/><line number="177" hits="0"/><line number="179" hits="4"/><line number="183" hits="5"/><line number="184" hits="2"/><line number="185" hits="3"/><line number="186" hits="3"/><line number="187" hits="2"/><line number="188" hits="0"/><line number="190" hits="5"/><line number="191" hits="3"/><line number="192" hits="2"/><line number="193" hits="0"/><line number="197" hits="4"/><line number="198" hits="2"/><line number="199" hits="0"/><line number="202" hits="2"/><line number="205" hits="4"/><line number="206" hits="8"/><line number="207" hits="0"/><line number="211" hits="4"/><line number="212" hits="2"/><line number="213" hits="0"/><line number="217" hits="2"/><line number="218" hits="4"/><line number="219" hits="8"/><line number="220" hits="5"/><line number="221" hits="0"/><line number="225" hits="2"/><line number="226" hits="2"/><line number="234" hits="2"/><line number="235" hits="2"/><line number="236" hits="2"/><line number="237" hits="0"/><line number="239" hits="2"/><line number="240" hits="0"/><line number="242" hits="2"/><line number="245" hits="2"/><line number="246" hits="4"/><line number="247" hits="2"/><line number="248" hits="10"/><line number="249" hits="2"/></lines></class></classes></package><package name="crates/tssp-adapter-sqlite/src" line-rate="0.9281767955801105" branch-rate="0" complexity="0"><classes><class name="lib" filename="crates/tssp-adapter-sqlite/src/lib.rs" line-rate="0.9281767955801105" branch-rate="0" complexity="0"><methods/><lines><line number="31" hits="2"/><line number="32" hits="2"/><line number="33" hits="4"/><line number="34" hits="2"/><line number="35" hits="2"/><line number="36" hits="2"/><line number="37" hits="2"/><line number="47" hits="7"/><line number="48" hits="3"/><line number="49" hits="6"/><line number="50" hits="4"/><line number="51" hits="4"/><line number="52" hits="1"/><line number="53" hits="3"/><line number="57" hits="2"/><line number="60" hits="2"/><line number="61" hits="0"/><line number="67" hits="4"/><line number="68" hits="4"/><line number="69" hits="8"/><line number="70" hits="8"/><line number="72" hits="4"/><line number="73" hits="8"/><line number="74" hits="5"/><line number="75" hits="6"/><line number="77" hits="2"/><line number="78" hits="4"/><line number="80" hits="4"/><line number="81" hits="3"/><line number="82" hits="0"/><line number="86" hits="2"/><line number="87" hits="2"/><line number="88" hits="4"/><line number="94" hits="2"/><line number="95" hits="2"/><line number="96" hits="4"/><line number="97" hits="2"/><line number="98" hits="4"/><line number="99" hits="1"/><line number="102" hits="11"/><line number="103" hits="14"/><line number="104" hits="2"/><line number="107" hits="2"/><line number="111" hits="2"/><line number="112" hits="4"/><line number="120" hits="2"/><line number="121" hits="2"/><line number="122" hits="4"/><line number="123" hits="2"/><line number="124" hits="4"/><line number="125" hits="0"/><line number="128" hits="4"/><line number="129" hits="2"/><line number="130" hits="4"/><line number="131" hits="2"/><line number="134" hits="3"/><line number="135" hits="2"/><line number="136" hits="4"/><line number="143" hits="2"/><line number="145" hits="4"/><line number="146" hits="0"/><line number="149" hits="2"/><line number="150" hits="2"/><line number="151" hits="2"/><line number="153" hits="4"/><line number="154" hits="6"/><line number="155" hits="4"/><line number="156" hits="2"/><line number="157" hits="4"/><line number="158" hits="2"/><line number="160" hits="2"/><line number="163" hits="2"/><line number="164" hits="2"/><line number="165" hits="2"/><line number="166" hits="4"/><line number="167" hits="4"/><line number="168" hits="2"/><line number="169" hits="2"/><line number="173" hits="2"/><line number="174" hits="2"/><line number="176" hits="2"/><line number="205" hits="2"/><line number="206" hits="5"/><line number="207" hits="5"/><line number="208" hits="4"/><line number="209" hits="4"/><line number="210" hits="4"/><line number="211" hits="5"/><line number="212" hits="5"/><line number="213" hits="5"/><line number="214" hits="4"/><line number="216" hits="4"/><line number="217" hits="5"/><line number="220" hits="4"/><line number="221" hits="5"/><line number="222" hits="14"/><line number="223" hits="4"/><line number="224" hits="9"/><line number="225" hits="4"/><line number="228" hits="0"/><line number="231" hits="4"/><line number="269" hits="4"/><line number="272" hits="4"/><line number="276" hits="4"/><line number="278" hits="0"/><line number="280" hits="4"/><line number="285" hits="6"/><line number="286" hits="4"/><line number="287" hits="4"/><line number="288" hits="6"/><line number="290" hits="6"/><line number="291" hits="6"/><line number="292" hits="2"/><line number="293" hits="6"/><line number="297" hits="10"/><line number="298" hits="5"/><line number="301" hits="3"/><line number="305" hits="7"/><line number="306" hits="5"/><line number="309" hits="3"/><line number="311" hits="2"/><line number="312" hits="5"/><line number="315" hits="3"/><line number="317" hits="2"/><line number="319" hits="2"/><line number="322" hits="7"/><line number="323" hits="11"/><line number="331" hits="7"/><line number="332" hits="7"/><line number="333" hits="20"/><line number="334" hits="7"/><line number="336" hits="7"/><line number="337" hits="20"/><line number="338" hits="5"/><line number="339" hits="5"/><line number="341" hits="3"/><line number="344" hits="4"/><line number="348" hits="4"/><line number="349" hits="12"/><line number="350" hits="4"/><line number="351" hits="4"/><line number="352" hits="0"/><line number="356" hits="4"/><line number="357" hits="4"/><line number="358" hits="8"/><line number="359" hits="8"/><line number="360" hits="6"/><line number="361" hits="8"/><line number="362" hits="8"/><line number="363" hits="8"/><line number="364" hits="2"/><line number="365" hits="6"/><line number="366" hits="0"/><line number="368" hits="2"/><line number="369" hits="2"/><line number="371" hits="6"/><line number="372" hits="0"/><line number="375" hits="7"/><line number="376" hits="6"/><line number="377" hits="12"/><line number="378" hits="2"/><line number="379" hits="8"/><line number="380" hits="6"/><line number="381" hits="8"/><line number="382" hits="13"/><line number="383" hits="7"/><line number="384" hits="14"/><line number="385" hits="7"/><line number="386" hits="7"/><line number="391" hits="0"/><line number="393" hits="0"/><line number="397" hits="1"/><line number="398" hits="1"/><line number="399" hits="1"/><line number="400" hits="2"/><line number="401" hits="2"/><line number="403" hits="0"/><line number="405" hits="2"/><line number="406" hits="1"/><line number="409" hits="1"/><line number="413" hits="0"/></lines></class></classes></package></packages></coverage>